<?xml version="1.0" encoding="UTF-8"?>
<!-- Generated by org.testng.reporters.JUnitXMLReporter -->
<testsuite ignored="0" hostname="DESKTOP-VAOA9FE" failures="0" tests="10" name="ФiralgerieTest" time="0.033" errors="0" timestamp="03 янв. 2019 10:54:47 GMT">
  <testcase classname="by.bsu.pagefactoryselenium.Driver" name="@BeforeSuite setupDriver" time="21.129">
    <failure type="org.openqa.selenium.WebDriverException" message="Timed out waiting for driver server to start.
Build info: version: &amp;apos;3.14.0&amp;apos;, revision: &amp;apos;aacccce0&amp;apos;, time: &amp;apos;2018-08-02T20:19:58.91Z&amp;apos;
System info: host: &amp;apos;DESKTOP-VAOA9FE&amp;apos;, ip: &amp;apos;192.168.240.1&amp;apos;, os.name: &amp;apos;Windows 10&amp;apos;, os.arch: &amp;apos;amd64&amp;apos;, os.version: &amp;apos;10.0&amp;apos;, java.version: &amp;apos;9.0.4&amp;apos;
Driver info: driver.version: Driver">
      <![CDATA[org.openqa.selenium.WebDriverException: Timed out waiting for driver server to start.
Build info: version: '3.14.0', revision: 'aacccce0', time: '2018-08-02T20:19:58.91Z'
System info: host: 'DESKTOP-VAOA9FE', ip: '192.168.240.1', os.name: 'Windows 10', os.arch: 'amd64', os.version: '10.0', java.version: '9.0.4'
Driver info: driver.version: Driver
at org.openqa.selenium.remote.service.DriverService.waitUntilAvailable(DriverService.java:193)
at org.openqa.selenium.remote.service.DriverService.start(DriverService.java:179)
at org.openqa.selenium.remote.service.DriverCommandExecutor.execute(DriverCommandExecutor.java:79)
at org.openqa.selenium.remote.RemoteWebDriver.execute(RemoteWebDriver.java:548)
at org.openqa.selenium.remote.RemoteWebDriver.startSession(RemoteWebDriver.java:212)
at org.openqa.selenium.remote.RemoteWebDriver.<init>(RemoteWebDriver.java:130)
at org.openqa.selenium.chrome.ChromeDriver.<init>(ChromeDriver.java:181)
at org.openqa.selenium.chrome.ChromeDriver.<init>(ChromeDriver.java:168)
at org.openqa.selenium.chrome.ChromeDriver.<init>(ChromeDriver.java:123)
at by.bsu.pagefactoryselenium.Driver.setupDriver(Driver.java:22)
Caused by: org.openqa.selenium.net.UrlChecker$TimeoutException: Timed out waiting for [http://localhost:44414/status] to be available after 20002 ms
at org.openqa.selenium.net.UrlChecker.waitUntilAvailable(UrlChecker.java:100)
at org.openqa.selenium.remote.service.DriverService.waitUntilAvailable(DriverService.java:188)
... 33 more
Caused by: java.util.concurrent.TimeoutException
at java.base/java.util.concurrent.FutureTask.get(FutureTask.java:204)
at com.google.common.util.concurrent.SimpleTimeLimiter.callWithTimeout(SimpleTimeLimiter.java:156)
at org.openqa.selenium.net.UrlChecker.waitUntilAvailable(UrlChecker.java:75)
... 34 more
... Removed 24 stack frames]]>
    </failure>
  </testcase> <!-- @BeforeSuite setupDriver -->
  <testcase classname="by.bsu.pagefactoryselenium.HomePageTest" name="@BeforeClass setupPage" time="0.0">
    <skipped/>
  </testcase> <!-- @BeforeClass setupPage -->
  <testcase classname="by.bsu.pagefactoryselenium.HomePageTest" name="shouldBookingFormOpenedAfterClickingOpenButton" time="0.0">
    <skipped/>
  </testcase> <!-- shouldBookingFormOpenedAfterClickingOpenButton -->
  <testcase classname="by.bsu.pagefactoryselenium.HomePageTest" name="shouldCookiesBannerClosedWhenTheyAccepted" time="0.0">
    <skipped/>
  </testcase> <!-- shouldCookiesBannerClosedWhenTheyAccepted -->
  <testcase classname="by.bsu.pagefactoryselenium.HomePageTest" name="shouldManageFormOpenedAfterClickingOpenButton" time="0.0">
    <skipped/>
  </testcase> <!-- shouldManageFormOpenedAfterClickingOpenButton -->
  <testcase classname="by.bsu.pagefactoryselenium.HomePageTest" name="shouldReturnInputBecomesActiveWhenTwoWayBtnClicked" time="0.0">
    <skipped/>
  </testcase> <!-- shouldReturnInputBecomesActiveWhenTwoWayBtnClicked -->
  <testcase classname="by.bsu.pagefactoryselenium.HomePageTest" name="shouldReturnInputDisabledWhenOneWayBtnClicked" time="0.0">
    <skipped/>
  </testcase> <!-- shouldReturnInputDisabledWhenOneWayBtnClicked -->
  <testcase classname="by.bsu.pagefactoryselenium.HomePageTest" name="shouldSubscribeFormThrowErrorWhenEnteredBadValue" time="0.0">
    <skipped/>
  </testcase> <!-- shouldSubscribeFormThrowErrorWhenEnteredBadValue -->
  <testcase classname="by.bsu.pagefactoryselenium.HomePageTest" name="shouldSuggestedTextChangedToEnglishLangWhenEnglishClicked" time="0.0">
    <skipped/>
  </testcase> <!-- shouldSuggestedTextChangedToEnglishLangWhenEnglishClicked -->
  <testcase classname="by.bsu.pagefactoryselenium.HomePageTest" name="shoudFormClosed" time="0.0">
    <skipped/>
  </testcase> <!-- shoudFormClosed -->
  <testcase classname="by.bsu.pagefactoryselenium.HomePageTest" name="shouldCannotBookAFlightWithoutValues" time="0.0">
    <skipped/>
  </testcase> <!-- shouldCannotBookAFlightWithoutValues -->
  <testcase classname="by.bsu.pagefactoryselenium.HomePageTest" name="shoudErrorMessageShownWhenBadValuesSetted" time="0.0">
    <skipped/>
  </testcase> <!-- shoudErrorMessageShownWhenBadValuesSetted -->
</testsuite> <!-- ФiralgerieTest -->
